[debug] [2022-02-13T19:25:14.622Z] ----------------------------------------------------------------------
[debug] [2022-02-13T19:25:14.625Z] Command:       C:\Program Files\nodejs\node.exe C:\Users\evgen\AppData\Roaming\npm\node_modules\firebase-tools\lib\bin\firebase.js init
[debug] [2022-02-13T19:25:14.625Z] CLI Version:   10.2.0
[debug] [2022-02-13T19:25:14.625Z] Platform:      win32
[debug] [2022-02-13T19:25:14.626Z] Node Version:  v16.13.0
[debug] [2022-02-13T19:25:14.627Z] Time:          Sun Feb 13 2022 21:25:14 GMT+0200 (Israel Standard Time)
[debug] [2022-02-13T19:25:14.628Z] ----------------------------------------------------------------------
[debug] 
[debug] [2022-02-13T19:25:14.638Z] > command requires scopes: ["email","openid","https://www.googleapis.com/auth/cloudplatformprojects.readonly","https://www.googleapis.com/auth/firebase","https://www.googleapis.com/auth/cloud-platform"]
[debug] [2022-02-13T19:25:14.638Z] > authorizing via signed-in user (evgeny12712@gmail.com)
[info] 
     ######## #### ########  ######## ########     ###     ######  ########
     ##        ##  ##     ## ##       ##     ##  ##   ##  ##       ##
     ######    ##  ########  ######   ########  #########  ######  ######
     ##        ##  ##    ##  ##       ##     ## ##     ##       ## ##
     ##       #### ##     ## ######## ########  ##     ##  ######  ########

You're about to initialize a Firebase project in this directory:

  C:\dev\netflix_clone-react\netfix-clone

Before we get started, keep in mind:

  * You are currently outside your home directory

[info] 
=== Project Setup
[info] 
[info] First, let's associate this project directory with a Firebase project.
[info] You can create multiple project aliases by running firebase use --add, 
[info] but for now we'll just set up a default project.
[info] 
[debug] [2022-02-13T19:25:38.111Z] >>> [apiv2][query] GET https://firebase.googleapis.com/v1beta1/projects pageSize=100
[debug] [2022-02-13T19:25:38.939Z] <<< [apiv2][status] GET https://firebase.googleapis.com/v1beta1/projects 200
[debug] [2022-02-13T19:25:38.940Z] <<< [apiv2][body] GET https://firebase.googleapis.com/v1beta1/projects [omitted]
[info] i  Using project neftlix-clone-cadbd (neftlix-clone) 
[info] 
=== Hosting Setup
[info] 
[info] Your public directory is the folder (relative to your project directory) that
[info] will contain Hosting assets to be uploaded with firebase deploy. If you
[info] have a build process for your assets, use your build's output directory.
[info] 
[debug] [2022-02-13T19:27:25.332Z] >>> [apiv2][query] GET https://www.gstatic.com/firebasejs/releases.json [none]
[debug] [2022-02-13T19:27:25.720Z] <<< [apiv2][status] GET https://www.gstatic.com/firebasejs/releases.json 200
[debug] [2022-02-13T19:27:25.720Z] <<< [apiv2][body] GET https://www.gstatic.com/firebasejs/releases.json {"current":{"version":"9.6.6","browserURL":"https://www.gstatic.com/firebasejs/9.6.6/firebase.js","packageURL":"https://www.gstatic.com/firebasejs/9.6.6/firebase.tgz"},"live":{"version":"9.6","browserURL":"https://www.gstatic.com/firebasejs/live/9.6/firebase.js","packageURL":"https://www.gstatic.com/firebasejs/live/9.6/firebase.tgz"},"components":{"analytics":"https://www.gstatic.com/firebasejs/9.6.6/firebase-analytics.js","app":"https://www.gstatic.com/firebasejs/9.6.6/firebase-app.js","app-check":"https://www.gstatic.com/firebasejs/9.6.6/firebase-app-check.js","auth":"https://www.gstatic.com/firebasejs/9.6.6/firebase-auth.js","auth/cordova":"https://www.gstatic.com/firebasejs/9.6.6/firebase-auth/cordova.js","auth/react-native":"https://www.gstatic.com/firebasejs/9.6.6/firebase-auth/react-native.js","functions":"https://www.gstatic.com/firebasejs/9.6.6/firebase-functions.js","firestore":"https://www.gstatic.com/firebasejs/9.6.6/firebase-firestore.js","firestore/lite":"https://www.gstatic.com/firebasejs/9.6.6/firebase-firestore/lite.js","storage":"https://www.gstatic.com/firebasejs/9.6.6/firebase-storage.js","performance":"https://www.gstatic.com/firebasejs/9.6.6/firebase-performance.js","remote-config":"https://www.gstatic.com/firebasejs/9.6.6/firebase-remote-config.js","messaging":"https://www.gstatic.com/firebasejs/9.6.6/firebase-messaging.js","messaging/sw":"https://www.gstatic.com/firebasejs/9.6.6/firebase-messaging/sw.js","database":"https://www.gstatic.com/firebasejs/9.6.6/firebase-database.js","firestore.memory":"https://www.gstatic.com/firebasejs/9.6.6/firebase-firestore.memory.js"}}
[info] +  Wrote build/index.html 
[info] 
[info] i  Detected a .git folder at C:\dev\netflix_clone-react\netfix-clone 
[info] i  Authorizing with GitHub to upload your service account to a GitHub repository's secrets store. 
[info] 
[info] Visit this URL on this device to log in:
[info] https://github.com/login/oauth/authorize?client_id=89cf50f02ac6aaed3484&state=813298541&redirect_uri=http%3A%2F%2Flocalhost%3A9005&scope=read%3Auser%20repo%20public_repo
[info] 
[info] Waiting for authentication...
[debug] [2022-02-13T19:27:42.673Z] >>> HTTP REQUEST POST https://github.com/login/oauth/access_token  
 {"client_id":"89cf50f02ac6aaed3484","client_secret":"3330d14abc895d9a74d5f17cd7a00711fa2c5bf0","code":"b1e44331b85ff7e4c087","redirect_uri":"http://localhost:9005","state":"813298541"}
[debug] [2022-02-13T19:27:43.266Z] <<< HTTP RESPONSE 200 {"server":"GitHub.com","date":"Sun, 13 Feb 2022 19:27:42 GMT","content-type":"application/json; charset=utf-8","transfer-encoding":"chunked","vary":"X-PJAX, X-PJAX-Container, Accept-Encoding, Accept, X-Requested-With","permissions-policy":"interest-cohort=()","etag":"W/\"d043ca66d09ed81189bf0bd8544af9c3\"","cache-control":"max-age=0, private, must-revalidate","strict-transport-security":"max-age=31536000; includeSubdomains; preload","x-frame-options":"deny","x-content-type-options":"nosniff","x-xss-protection":"0","referrer-policy":"origin-when-cross-origin, strict-origin-when-cross-origin","expect-ct":"max-age=2592000, report-uri=\"https://api.github.com/_private/browser/errors\"","content-security-policy":"default-src 'none'; base-uri 'self'; block-all-mixed-content; child-src github.com/assets-cdn/worker/ gist.github.com/assets-cdn/worker/; connect-src 'self' uploads.github.com objects-origin.githubusercontent.com www.githubstatus.com collector.githubapp.com collector.github.com api.github.com github-cloud.s3.amazonaws.com github-production-repository-file-5c1aeb.s3.amazonaws.com github-production-upload-manifest-file-7fdce7.s3.amazonaws.com github-production-user-asset-6210df.s3.amazonaws.com cdn.optimizely.com logx.optimizely.com/v1/events translator.github.com wss://alive.github.com; font-src github.githubassets.com; form-action 'self' github.com gist.github.com objects-origin.githubusercontent.com; frame-ancestors 'none'; frame-src render.githubusercontent.com viewscreen.githubusercontent.com notebooks.githubusercontent.com; img-src 'self' data: github.githubassets.com identicons.github.com collector.githubapp.com collector.github.com github-cloud.s3.amazonaws.com secured-user-images.githubusercontent.com/ *.githubusercontent.com; manifest-src 'self'; media-src github.com user-images.githubusercontent.com/; script-src github.githubassets.com; style-src 'unsafe-inline' github.githubassets.com; worker-src github.com/assets-cdn/worker/ gist.github.com/assets-cdn/worker/","x-github-request-id":"D437:E498:89C377:A0AFFD:62095BAE"}
[debug] [2022-02-13T19:27:43.305Z] >>> [apiv2][query] GET https://api.github.com/user [none]
[debug] [2022-02-13T19:27:43.773Z] <<< [apiv2][status] GET https://api.github.com/user 200
[debug] [2022-02-13T19:27:43.773Z] <<< [apiv2][body] GET https://api.github.com/user {"login":"evgeny12712","id":73851525,"node_id":"MDQ6VXNlcjczODUxNTI1","avatar_url":"https://avatars.githubusercontent.com/u/73851525?v=4","gravatar_id":"","url":"https://api.github.com/users/evgeny12712","html_url":"https://github.com/evgeny12712","followers_url":"https://api.github.com/users/evgeny12712/followers","following_url":"https://api.github.com/users/evgeny12712/following{/other_user}","gists_url":"https://api.github.com/users/evgeny12712/gists{/gist_id}","starred_url":"https://api.github.com/users/evgeny12712/starred{/owner}{/repo}","subscriptions_url":"https://api.github.com/users/evgeny12712/subscriptions","organizations_url":"https://api.github.com/users/evgeny12712/orgs","repos_url":"https://api.github.com/users/evgeny12712/repos","events_url":"https://api.github.com/users/evgeny12712/events{/privacy}","received_events_url":"https://api.github.com/users/evgeny12712/received_events","type":"User","site_admin":false,"name":null,"company":null,"blog":"","location":null,"email":null,"hireable":null,"bio":null,"twitter_username":null,"public_repos":12,"public_gists":0,"followers":0,"following":0,"created_at":"2020-11-02T19:19:06Z","updated_at":"2022-01-06T15:40:27Z","private_gists":0,"total_private_repos":0,"owned_private_repos":0,"disk_usage":39316,"collaborators":0,"two_factor_authentication":false,"plan":{"name":"free","space":976562499,"collaborators":0,"private_repos":10000}}
[info] 
[info] +  Success! Logged into GitHub as evgeny12712 
[info] 
[debug] [2022-02-13T19:28:14.248Z] >>> [apiv2][query] GET https://api.github.com/repos/evgeny12712/github-clone/actions/secrets/public-key type=owner
[debug] [2022-02-13T19:28:14.612Z] <<< [apiv2][status] GET https://api.github.com/repos/evgeny12712/github-clone/actions/secrets/public-key 404
[debug] [2022-02-13T19:28:14.612Z] <<< [apiv2][body] GET https://api.github.com/repos/evgeny12712/github-clone/actions/secrets/public-key {"message":"Not Found","documentation_url":"https://docs.github.com/rest/reference/actions#get-a-repository-public-key"}
[debug] [2022-02-13T19:28:22.272Z] >>> [apiv2][query] GET https://api.github.com/repos/evgeny12712/github-clone/actions/secrets/public-key type=owner
[debug] [2022-02-13T19:28:22.612Z] <<< [apiv2][status] GET https://api.github.com/repos/evgeny12712/github-clone/actions/secrets/public-key 404
[debug] [2022-02-13T19:28:22.612Z] <<< [apiv2][body] GET https://api.github.com/repos/evgeny12712/github-clone/actions/secrets/public-key {"message":"Not Found","documentation_url":"https://docs.github.com/rest/reference/actions#get-a-repository-public-key"}
[debug] [2022-02-13T19:28:23.354Z] >>> [apiv2][query] GET https://api.github.com/repos/evgeny12712/github-clone/actions/secrets/public-key type=owner
[debug] [2022-02-13T19:28:23.694Z] <<< [apiv2][status] GET https://api.github.com/repos/evgeny12712/github-clone/actions/secrets/public-key 404
[debug] [2022-02-13T19:28:23.694Z] <<< [apiv2][body] GET https://api.github.com/repos/evgeny12712/github-clone/actions/secrets/public-key {"message":"Not Found","documentation_url":"https://docs.github.com/rest/reference/actions#get-a-repository-public-key"}
[debug] [2022-02-13T19:28:28.896Z] >>> [apiv2][query] GET https://api.github.com/repos/n/actions/secrets/public-key type=owner
[debug] [2022-02-13T19:28:29.229Z] <<< [apiv2][status] GET https://api.github.com/repos/n/actions/secrets/public-key 404
[debug] [2022-02-13T19:28:29.230Z] <<< [apiv2][body] GET https://api.github.com/repos/n/actions/secrets/public-key {"message":"Not Found","documentation_url":"https://docs.github.com/rest"}
